Image not available. URI: file:////home/runner/work/ontology-crs/ontology-crs/docs/spec/documents/spec/_tmp_images_a33f2949-8574-4926-a864-2598aa89743a/1290cec4-47eb-4149-b6c6-d5e478fe46e1.octet-stream. Reason: org.apache.xmlgraphics.image.loader.ImageException: The file format is not supported. No ImagePreloader found for file:////home/runner/work/ontology-crs/ontology-crs/docs/spec/documents/spec/_tmp_images_a33f2949-8574-4926-a864-2598aa89743a/1290cec4-47eb-4149-b6c6-d5e478fe46e1.octet-stream (See position 2362:512)
org.apache.xmlgraphics.image.loader.ImageException: The file format is not supported. No ImagePreloader found for file:////home/runner/work/ontology-crs/ontology-crs/docs/spec/documents/spec/_tmp_images_a33f2949-8574-4926-a864-2598aa89743a/1290cec4-47eb-4149-b6c6-d5e478fe46e1.octet-stream
	at org.apache.xmlgraphics.image.loader.ImageManager.preloadImage(ImageManager.java:181)
	at org.apache.xmlgraphics.image.loader.cache.ImageCache.needImageInfo(ImageCache.java:127)
	at org.apache.xmlgraphics.image.loader.ImageManager.getImageInfo(ImageManager.java:123)
	at org.apache.fop.fo.flow.ExternalGraphic.bind(ExternalGraphic.java:81)
	at org.apache.fop.fo.FObj.processNode(FObj.java:131)
	at org.apache.fop.fo.FOTreeBuilder$MainFOHandler.startElement(FOTreeBuilder.java:321)
	at org.apache.fop.fo.FOTreeBuilder$2.run(FOTreeBuilder.java:185)
	at org.apache.fop.fo.FOTreeBuilder$2.run(FOTreeBuilder.java:182)
	at java.base/java.security.AccessController.doPrivileged(AccessController.java:319)
	at org.apache.fop.fo.FOTreeBuilder.startElement(FOTreeBuilder.java:181)
	at org.apache.xalan.transformer.TransformerIdentityImpl.startElement(TransformerIdentityImpl.java:1120)
	at java.xml/com.sun.org.apache.xerces.internal.parsers.AbstractSAXParser.startElement(AbstractSAXParser.java:518)
	at java.xml/com.sun.org.apache.xerces.internal.parsers.AbstractXMLDocumentParser.emptyElement(AbstractXMLDocumentParser.java:183)
	at java.xml/com.sun.org.apache.xerces.internal.impl.XMLNSDocumentScannerImpl.scanStartElement(XMLNSDocumentScannerImpl.java:353)
	at java.xml/com.sun.org.apache.xerces.internal.impl.XMLDocumentFragmentScannerImpl$FragmentContentDriver.next(XMLDocumentFragmentScannerImpl.java:2726)
	at java.xml/com.sun.org.apache.xerces.internal.impl.XMLDocumentScannerImpl.next(XMLDocumentScannerImpl.java:605)
	at java.xml/com.sun.org.apache.xerces.internal.impl.XMLNSDocumentScannerImpl.next(XMLNSDocumentScannerImpl.java:114)
	at java.xml/com.sun.org.apache.xerces.internal.impl.XMLDocumentFragmentScannerImpl.scanDocument(XMLDocumentFragmentScannerImpl.java:542)
	at java.xml/com.sun.org.apache.xerces.internal.parsers.XML11Configuration.parse(XML11Configuration.java:889)
	at java.xml/com.sun.org.apache.xerces.internal.parsers.XML11Configuration.parse(XML11Configuration.java:825)
	at java.xml/com.sun.org.apache.xerces.internal.parsers.XMLParser.parse(XMLParser.java:141)
	at java.xml/com.sun.org.apache.xerces.internal.parsers.AbstractSAXParser.parse(AbstractSAXParser.java:1224)
	at org.apache.xalan.transformer.TransformerIdentityImpl.transform(TransformerIdentityImpl.java:519)
	at org.metanorma.fop.PDFGenerator.runFOP(PDFGenerator.java:681)
	at org.metanorma.fop.PDFGenerator.convertmn2pdf(PDFGenerator.java:507)
	at org.metanorma.fop.PDFGenerator.process(PDFGenerator.java:336)
	at org.metanorma.fop.mn2pdf.main(mn2pdf.java:349)

Image not available. URI: file:////home/runner/work/ontology-crs/ontology-crs/docs/spec/documents/spec/_tmp_images_a33f2949-8574-4926-a864-2598aa89743a/14029b4b-6fdf-47bf-9d3c-8dda0df59388.octet-stream. Reason: org.apache.xmlgraphics.image.loader.ImageException: The file format is not supported. No ImagePreloader found for file:////home/runner/work/ontology-crs/ontology-crs/docs/spec/documents/spec/_tmp_images_a33f2949-8574-4926-a864-2598aa89743a/14029b4b-6fdf-47bf-9d3c-8dda0df59388.octet-stream (See position 2577:521)
org.apache.xmlgraphics.image.loader.ImageException: The file format is not supported. No ImagePreloader found for file:////home/runner/work/ontology-crs/ontology-crs/docs/spec/documents/spec/_tmp_images_a33f2949-8574-4926-a864-2598aa89743a/14029b4b-6fdf-47bf-9d3c-8dda0df59388.octet-stream
	at org.apache.xmlgraphics.image.loader.ImageManager.preloadImage(ImageManager.java:181)
	at org.apache.xmlgraphics.image.loader.cache.ImageCache.needImageInfo(ImageCache.java:127)
	at org.apache.xmlgraphics.image.loader.ImageManager.getImageInfo(ImageManager.java:123)
	at org.apache.fop.fo.flow.ExternalGraphic.bind(ExternalGraphic.java:81)
	at org.apache.fop.fo.FObj.processNode(FObj.java:131)
	at org.apache.fop.fo.FOTreeBuilder$MainFOHandler.startElement(FOTreeBuilder.java:321)
	at org.apache.fop.fo.FOTreeBuilder$2.run(FOTreeBuilder.java:185)
	at org.apache.fop.fo.FOTreeBuilder$2.run(FOTreeBuilder.java:182)
	at java.base/java.security.AccessController.doPrivileged(AccessController.java:319)
	at org.apache.fop.fo.FOTreeBuilder.startElement(FOTreeBuilder.java:181)
	at org.apache.xalan.transformer.TransformerIdentityImpl.startElement(TransformerIdentityImpl.java:1120)
	at java.xml/com.sun.org.apache.xerces.internal.parsers.AbstractSAXParser.startElement(AbstractSAXParser.java:518)
	at java.xml/com.sun.org.apache.xerces.internal.parsers.AbstractXMLDocumentParser.emptyElement(AbstractXMLDocumentParser.java:183)
	at java.xml/com.sun.org.apache.xerces.internal.impl.XMLNSDocumentScannerImpl.scanStartElement(XMLNSDocumentScannerImpl.java:353)
	at java.xml/com.sun.org.apache.xerces.internal.impl.XMLDocumentFragmentScannerImpl$FragmentContentDriver.next(XMLDocumentFragmentScannerImpl.java:2726)
	at java.xml/com.sun.org.apache.xerces.internal.impl.XMLDocumentScannerImpl.next(XMLDocumentScannerImpl.java:605)
	at java.xml/com.sun.org.apache.xerces.internal.impl.XMLNSDocumentScannerImpl.next(XMLNSDocumentScannerImpl.java:114)
	at java.xml/com.sun.org.apache.xerces.internal.impl.XMLDocumentFragmentScannerImpl.scanDocument(XMLDocumentFragmentScannerImpl.java:542)
	at java.xml/com.sun.org.apache.xerces.internal.parsers.XML11Configuration.parse(XML11Configuration.java:889)
	at java.xml/com.sun.org.apache.xerces.internal.parsers.XML11Configuration.parse(XML11Configuration.java:825)
	at java.xml/com.sun.org.apache.xerces.internal.parsers.XMLParser.parse(XMLParser.java:141)
	at java.xml/com.sun.org.apache.xerces.internal.parsers.AbstractSAXParser.parse(AbstractSAXParser.java:1224)
	at org.apache.xalan.transformer.TransformerIdentityImpl.transform(TransformerIdentityImpl.java:519)
	at org.metanorma.fop.PDFGenerator.runFOP(PDFGenerator.java:681)
	at org.metanorma.fop.PDFGenerator.convertmn2pdf(PDFGenerator.java:507)
	at org.metanorma.fop.PDFGenerator.process(PDFGenerator.java:336)
	at org.metanorma.fop.mn2pdf.main(mn2pdf.java:349)

Image not available. URI: file:////home/runner/work/ontology-crs/ontology-crs/docs/spec/documents/spec/_tmp_images_a33f2949-8574-4926-a864-2598aa89743a/aa011bd2-cc7a-4ea2-b89e-ac61d1bf0a02.octet-stream. Reason: org.apache.xmlgraphics.image.loader.ImageException: The file format is not supported. No ImagePreloader found for file:////home/runner/work/ontology-crs/ontology-crs/docs/spec/documents/spec/_tmp_images_a33f2949-8574-4926-a864-2598aa89743a/aa011bd2-cc7a-4ea2-b89e-ac61d1bf0a02.octet-stream (See position 3082:518)
org.apache.xmlgraphics.image.loader.ImageException: The file format is not supported. No ImagePreloader found for file:////home/runner/work/ontology-crs/ontology-crs/docs/spec/documents/spec/_tmp_images_a33f2949-8574-4926-a864-2598aa89743a/aa011bd2-cc7a-4ea2-b89e-ac61d1bf0a02.octet-stream
	at org.apache.xmlgraphics.image.loader.ImageManager.preloadImage(ImageManager.java:181)
	at org.apache.xmlgraphics.image.loader.cache.ImageCache.needImageInfo(ImageCache.java:127)
	at org.apache.xmlgraphics.image.loader.ImageManager.getImageInfo(ImageManager.java:123)
	at org.apache.fop.fo.flow.ExternalGraphic.bind(ExternalGraphic.java:81)
	at org.apache.fop.fo.FObj.processNode(FObj.java:131)
	at org.apache.fop.fo.FOTreeBuilder$MainFOHandler.startElement(FOTreeBuilder.java:321)
	at org.apache.fop.fo.FOTreeBuilder$2.run(FOTreeBuilder.java:185)
	at org.apache.fop.fo.FOTreeBuilder$2.run(FOTreeBuilder.java:182)
	at java.base/java.security.AccessController.doPrivileged(AccessController.java:319)
	at org.apache.fop.fo.FOTreeBuilder.startElement(FOTreeBuilder.java:181)
	at org.apache.xalan.transformer.TransformerIdentityImpl.startElement(TransformerIdentityImpl.java:1120)
	at java.xml/com.sun.org.apache.xerces.internal.parsers.AbstractSAXParser.startElement(AbstractSAXParser.java:518)
	at java.xml/com.sun.org.apache.xerces.internal.parsers.AbstractXMLDocumentParser.emptyElement(AbstractXMLDocumentParser.java:183)
	at java.xml/com.sun.org.apache.xerces.internal.impl.XMLNSDocumentScannerImpl.scanStartElement(XMLNSDocumentScannerImpl.java:353)
	at java.xml/com.sun.org.apache.xerces.internal.impl.XMLDocumentFragmentScannerImpl$FragmentContentDriver.next(XMLDocumentFragmentScannerImpl.java:2726)
	at java.xml/com.sun.org.apache.xerces.internal.impl.XMLDocumentScannerImpl.next(XMLDocumentScannerImpl.java:605)
	at java.xml/com.sun.org.apache.xerces.internal.impl.XMLNSDocumentScannerImpl.next(XMLNSDocumentScannerImpl.java:114)
	at java.xml/com.sun.org.apache.xerces.internal.impl.XMLDocumentFragmentScannerImpl.scanDocument(XMLDocumentFragmentScannerImpl.java:542)
	at java.xml/com.sun.org.apache.xerces.internal.parsers.XML11Configuration.parse(XML11Configuration.java:889)
	at java.xml/com.sun.org.apache.xerces.internal.parsers.XML11Configuration.parse(XML11Configuration.java:825)
	at java.xml/com.sun.org.apache.xerces.internal.parsers.XMLParser.parse(XMLParser.java:141)
	at java.xml/com.sun.org.apache.xerces.internal.parsers.AbstractSAXParser.parse(AbstractSAXParser.java:1224)
	at org.apache.xalan.transformer.TransformerIdentityImpl.transform(TransformerIdentityImpl.java:519)
	at org.metanorma.fop.PDFGenerator.runFOP(PDFGenerator.java:681)
	at org.metanorma.fop.PDFGenerator.convertmn2pdf(PDFGenerator.java:507)
	at org.metanorma.fop.PDFGenerator.process(PDFGenerator.java:336)
	at org.metanorma.fop.mn2pdf.main(mn2pdf.java:349)

Image not available. URI: file:////home/runner/work/ontology-crs/ontology-crs/docs/spec/documents/spec/_tmp_images_a33f2949-8574-4926-a864-2598aa89743a/927e3c74-9bbc-4426-8876-be7648ab7726.octet-stream. Reason: org.apache.xmlgraphics.image.loader.ImageException: The file format is not supported. No ImagePreloader found for file:////home/runner/work/ontology-crs/ontology-crs/docs/spec/documents/spec/_tmp_images_a33f2949-8574-4926-a864-2598aa89743a/927e3c74-9bbc-4426-8876-be7648ab7726.octet-stream (See position 3098:521)
org.apache.xmlgraphics.image.loader.ImageException: The file format is not supported. No ImagePreloader found for file:////home/runner/work/ontology-crs/ontology-crs/docs/spec/documents/spec/_tmp_images_a33f2949-8574-4926-a864-2598aa89743a/927e3c74-9bbc-4426-8876-be7648ab7726.octet-stream
	at org.apache.xmlgraphics.image.loader.ImageManager.preloadImage(ImageManager.java:181)
	at org.apache.xmlgraphics.image.loader.cache.ImageCache.needImageInfo(ImageCache.java:127)
	at org.apache.xmlgraphics.image.loader.ImageManager.getImageInfo(ImageManager.java:123)
	at org.apache.fop.fo.flow.ExternalGraphic.bind(ExternalGraphic.java:81)
	at org.apache.fop.fo.FObj.processNode(FObj.java:131)
	at org.apache.fop.fo.FOTreeBuilder$MainFOHandler.startElement(FOTreeBuilder.java:321)
	at org.apache.fop.fo.FOTreeBuilder$2.run(FOTreeBuilder.java:185)
	at org.apache.fop.fo.FOTreeBuilder$2.run(FOTreeBuilder.java:182)
	at java.base/java.security.AccessController.doPrivileged(AccessController.java:319)
	at org.apache.fop.fo.FOTreeBuilder.startElement(FOTreeBuilder.java:181)
	at org.apache.xalan.transformer.TransformerIdentityImpl.startElement(TransformerIdentityImpl.java:1120)
	at java.xml/com.sun.org.apache.xerces.internal.parsers.AbstractSAXParser.startElement(AbstractSAXParser.java:518)
	at java.xml/com.sun.org.apache.xerces.internal.parsers.AbstractXMLDocumentParser.emptyElement(AbstractXMLDocumentParser.java:183)
	at java.xml/com.sun.org.apache.xerces.internal.impl.XMLNSDocumentScannerImpl.scanStartElement(XMLNSDocumentScannerImpl.java:353)
	at java.xml/com.sun.org.apache.xerces.internal.impl.XMLDocumentFragmentScannerImpl$FragmentContentDriver.next(XMLDocumentFragmentScannerImpl.java:2726)
	at java.xml/com.sun.org.apache.xerces.internal.impl.XMLDocumentScannerImpl.next(XMLDocumentScannerImpl.java:605)
	at java.xml/com.sun.org.apache.xerces.internal.impl.XMLNSDocumentScannerImpl.next(XMLNSDocumentScannerImpl.java:114)
	at java.xml/com.sun.org.apache.xerces.internal.impl.XMLDocumentFragmentScannerImpl.scanDocument(XMLDocumentFragmentScannerImpl.java:542)
	at java.xml/com.sun.org.apache.xerces.internal.parsers.XML11Configuration.parse(XML11Configuration.java:889)
	at java.xml/com.sun.org.apache.xerces.internal.parsers.XML11Configuration.parse(XML11Configuration.java:825)
	at java.xml/com.sun.org.apache.xerces.internal.parsers.XMLParser.parse(XMLParser.java:141)
	at java.xml/com.sun.org.apache.xerces.internal.parsers.AbstractSAXParser.parse(AbstractSAXParser.java:1224)
	at org.apache.xalan.transformer.TransformerIdentityImpl.transform(TransformerIdentityImpl.java:519)
	at org.metanorma.fop.PDFGenerator.runFOP(PDFGenerator.java:681)
	at org.metanorma.fop.PDFGenerator.convertmn2pdf(PDFGenerator.java:507)
	at org.metanorma.fop.PDFGenerator.process(PDFGenerator.java:336)
	at org.metanorma.fop.mn2pdf.main(mn2pdf.java:349)

Image not available. URI: file:////home/runner/work/ontology-crs/ontology-crs/docs/spec/documents/spec/_tmp_images_a33f2949-8574-4926-a864-2598aa89743a/5900337b-f869-456b-bc29-630d6d987919.octet-stream. Reason: org.apache.xmlgraphics.image.loader.ImageException: The file format is not supported. No ImagePreloader found for file:////home/runner/work/ontology-crs/ontology-crs/docs/spec/documents/spec/_tmp_images_a33f2949-8574-4926-a864-2598aa89743a/5900337b-f869-456b-bc29-630d6d987919.octet-stream (See position 3724:507)
org.apache.xmlgraphics.image.loader.ImageException: The file format is not supported. No ImagePreloader found for file:////home/runner/work/ontology-crs/ontology-crs/docs/spec/documents/spec/_tmp_images_a33f2949-8574-4926-a864-2598aa89743a/5900337b-f869-456b-bc29-630d6d987919.octet-stream
	at org.apache.xmlgraphics.image.loader.ImageManager.preloadImage(ImageManager.java:181)
	at org.apache.xmlgraphics.image.loader.cache.ImageCache.needImageInfo(ImageCache.java:127)
	at org.apache.xmlgraphics.image.loader.ImageManager.getImageInfo(ImageManager.java:123)
	at org.apache.fop.fo.flow.ExternalGraphic.bind(ExternalGraphic.java:81)
	at org.apache.fop.fo.FObj.processNode(FObj.java:131)
	at org.apache.fop.fo.FOTreeBuilder$MainFOHandler.startElement(FOTreeBuilder.java:321)
	at org.apache.fop.fo.FOTreeBuilder$2.run(FOTreeBuilder.java:185)
	at org.apache.fop.fo.FOTreeBuilder$2.run(FOTreeBuilder.java:182)
	at java.base/java.security.AccessController.doPrivileged(AccessController.java:319)
	at org.apache.fop.fo.FOTreeBuilder.startElement(FOTreeBuilder.java:181)
	at org.apache.xalan.transformer.TransformerIdentityImpl.startElement(TransformerIdentityImpl.java:1120)
	at java.xml/com.sun.org.apache.xerces.internal.parsers.AbstractSAXParser.startElement(AbstractSAXParser.java:518)
	at java.xml/com.sun.org.apache.xerces.internal.parsers.AbstractXMLDocumentParser.emptyElement(AbstractXMLDocumentParser.java:183)
	at java.xml/com.sun.org.apache.xerces.internal.impl.XMLNSDocumentScannerImpl.scanStartElement(XMLNSDocumentScannerImpl.java:353)
	at java.xml/com.sun.org.apache.xerces.internal.impl.XMLDocumentFragmentScannerImpl$FragmentContentDriver.next(XMLDocumentFragmentScannerImpl.java:2726)
	at java.xml/com.sun.org.apache.xerces.internal.impl.XMLDocumentScannerImpl.next(XMLDocumentScannerImpl.java:605)
	at java.xml/com.sun.org.apache.xerces.internal.impl.XMLNSDocumentScannerImpl.next(XMLNSDocumentScannerImpl.java:114)
	at java.xml/com.sun.org.apache.xerces.internal.impl.XMLDocumentFragmentScannerImpl.scanDocument(XMLDocumentFragmentScannerImpl.java:542)
	at java.xml/com.sun.org.apache.xerces.internal.parsers.XML11Configuration.parse(XML11Configuration.java:889)
	at java.xml/com.sun.org.apache.xerces.internal.parsers.XML11Configuration.parse(XML11Configuration.java:825)
	at java.xml/com.sun.org.apache.xerces.internal.parsers.XMLParser.parse(XMLParser.java:141)
	at java.xml/com.sun.org.apache.xerces.internal.parsers.AbstractSAXParser.parse(AbstractSAXParser.java:1224)
	at org.apache.xalan.transformer.TransformerIdentityImpl.transform(TransformerIdentityImpl.java:519)
	at org.metanorma.fop.PDFGenerator.runFOP(PDFGenerator.java:681)
	at org.metanorma.fop.PDFGenerator.convertmn2pdf(PDFGenerator.java:507)
	at org.metanorma.fop.PDFGenerator.process(PDFGenerator.java:336)
	at org.metanorma.fop.mn2pdf.main(mn2pdf.java:349)

Image not available. URI: file:////home/runner/work/ontology-crs/ontology-crs/docs/spec/documents/spec/_tmp_images_a33f2949-8574-4926-a864-2598aa89743a/a02b513f-7599-44e9-8b05-e4d16df83776.octet-stream. Reason: org.apache.xmlgraphics.image.loader.ImageException: The file format is not supported. No ImagePreloader found for file:////home/runner/work/ontology-crs/ontology-crs/docs/spec/documents/spec/_tmp_images_a33f2949-8574-4926-a864-2598aa89743a/a02b513f-7599-44e9-8b05-e4d16df83776.octet-stream (See position 4409:509)
org.apache.xmlgraphics.image.loader.ImageException: The file format is not supported. No ImagePreloader found for file:////home/runner/work/ontology-crs/ontology-crs/docs/spec/documents/spec/_tmp_images_a33f2949-8574-4926-a864-2598aa89743a/a02b513f-7599-44e9-8b05-e4d16df83776.octet-stream
	at org.apache.xmlgraphics.image.loader.ImageManager.preloadImage(ImageManager.java:181)
	at org.apache.xmlgraphics.image.loader.cache.ImageCache.needImageInfo(ImageCache.java:127)
	at org.apache.xmlgraphics.image.loader.ImageManager.getImageInfo(ImageManager.java:123)
	at org.apache.fop.fo.flow.ExternalGraphic.bind(ExternalGraphic.java:81)
	at org.apache.fop.fo.FObj.processNode(FObj.java:131)
	at org.apache.fop.fo.FOTreeBuilder$MainFOHandler.startElement(FOTreeBuilder.java:321)
	at org.apache.fop.fo.FOTreeBuilder$2.run(FOTreeBuilder.java:185)
	at org.apache.fop.fo.FOTreeBuilder$2.run(FOTreeBuilder.java:182)
	at java.base/java.security.AccessController.doPrivileged(AccessController.java:319)
	at org.apache.fop.fo.FOTreeBuilder.startElement(FOTreeBuilder.java:181)
	at org.apache.xalan.transformer.TransformerIdentityImpl.startElement(TransformerIdentityImpl.java:1120)
	at java.xml/com.sun.org.apache.xerces.internal.parsers.AbstractSAXParser.startElement(AbstractSAXParser.java:518)
	at java.xml/com.sun.org.apache.xerces.internal.parsers.AbstractXMLDocumentParser.emptyElement(AbstractXMLDocumentParser.java:183)
	at java.xml/com.sun.org.apache.xerces.internal.impl.XMLNSDocumentScannerImpl.scanStartElement(XMLNSDocumentScannerImpl.java:353)
	at java.xml/com.sun.org.apache.xerces.internal.impl.XMLDocumentFragmentScannerImpl$FragmentContentDriver.next(XMLDocumentFragmentScannerImpl.java:2726)
	at java.xml/com.sun.org.apache.xerces.internal.impl.XMLDocumentScannerImpl.next(XMLDocumentScannerImpl.java:605)
	at java.xml/com.sun.org.apache.xerces.internal.impl.XMLNSDocumentScannerImpl.next(XMLNSDocumentScannerImpl.java:114)
	at java.xml/com.sun.org.apache.xerces.internal.impl.XMLDocumentFragmentScannerImpl.scanDocument(XMLDocumentFragmentScannerImpl.java:542)
	at java.xml/com.sun.org.apache.xerces.internal.parsers.XML11Configuration.parse(XML11Configuration.java:889)
	at java.xml/com.sun.org.apache.xerces.internal.parsers.XML11Configuration.parse(XML11Configuration.java:825)
	at java.xml/com.sun.org.apache.xerces.internal.parsers.XMLParser.parse(XMLParser.java:141)
	at java.xml/com.sun.org.apache.xerces.internal.parsers.AbstractSAXParser.parse(AbstractSAXParser.java:1224)
	at org.apache.xalan.transformer.TransformerIdentityImpl.transform(TransformerIdentityImpl.java:519)
	at org.metanorma.fop.PDFGenerator.runFOP(PDFGenerator.java:681)
	at org.metanorma.fop.PDFGenerator.convertmn2pdf(PDFGenerator.java:507)
	at org.metanorma.fop.PDFGenerator.process(PDFGenerator.java:336)
	at org.metanorma.fop.mn2pdf.main(mn2pdf.java:349)

Image not available. URI: file:////home/runner/work/ontology-crs/ontology-crs/docs/spec/documents/spec/_tmp_images_a33f2949-8574-4926-a864-2598aa89743a/b6a13e06-cf78-4b2e-8aac-53ad9b0a01d0.octet-stream. Reason: org.apache.xmlgraphics.image.loader.ImageException: The file format is not supported. No ImagePreloader found for file:////home/runner/work/ontology-crs/ontology-crs/docs/spec/documents/spec/_tmp_images_a33f2949-8574-4926-a864-2598aa89743a/b6a13e06-cf78-4b2e-8aac-53ad9b0a01d0.octet-stream (See position 4623:511)
org.apache.xmlgraphics.image.loader.ImageException: The file format is not supported. No ImagePreloader found for file:////home/runner/work/ontology-crs/ontology-crs/docs/spec/documents/spec/_tmp_images_a33f2949-8574-4926-a864-2598aa89743a/b6a13e06-cf78-4b2e-8aac-53ad9b0a01d0.octet-stream
	at org.apache.xmlgraphics.image.loader.ImageManager.preloadImage(ImageManager.java:181)
	at org.apache.xmlgraphics.image.loader.cache.ImageCache.needImageInfo(ImageCache.java:127)
	at org.apache.xmlgraphics.image.loader.ImageManager.getImageInfo(ImageManager.java:123)
	at org.apache.fop.fo.flow.ExternalGraphic.bind(ExternalGraphic.java:81)
	at org.apache.fop.fo.FObj.processNode(FObj.java:131)
	at org.apache.fop.fo.FOTreeBuilder$MainFOHandler.startElement(FOTreeBuilder.java:321)
	at org.apache.fop.fo.FOTreeBuilder$2.run(FOTreeBuilder.java:185)
	at org.apache.fop.fo.FOTreeBuilder$2.run(FOTreeBuilder.java:182)
	at java.base/java.security.AccessController.doPrivileged(AccessController.java:319)
	at org.apache.fop.fo.FOTreeBuilder.startElement(FOTreeBuilder.java:181)
	at org.apache.xalan.transformer.TransformerIdentityImpl.startElement(TransformerIdentityImpl.java:1120)
	at java.xml/com.sun.org.apache.xerces.internal.parsers.AbstractSAXParser.startElement(AbstractSAXParser.java:518)
	at java.xml/com.sun.org.apache.xerces.internal.parsers.AbstractXMLDocumentParser.emptyElement(AbstractXMLDocumentParser.java:183)
	at java.xml/com.sun.org.apache.xerces.internal.impl.XMLNSDocumentScannerImpl.scanStartElement(XMLNSDocumentScannerImpl.java:353)
	at java.xml/com.sun.org.apache.xerces.internal.impl.XMLDocumentFragmentScannerImpl$FragmentContentDriver.next(XMLDocumentFragmentScannerImpl.java:2726)
	at java.xml/com.sun.org.apache.xerces.internal.impl.XMLDocumentScannerImpl.next(XMLDocumentScannerImpl.java:605)
	at java.xml/com.sun.org.apache.xerces.internal.impl.XMLNSDocumentScannerImpl.next(XMLNSDocumentScannerImpl.java:114)
	at java.xml/com.sun.org.apache.xerces.internal.impl.XMLDocumentFragmentScannerImpl.scanDocument(XMLDocumentFragmentScannerImpl.java:542)
	at java.xml/com.sun.org.apache.xerces.internal.parsers.XML11Configuration.parse(XML11Configuration.java:889)
	at java.xml/com.sun.org.apache.xerces.internal.parsers.XML11Configuration.parse(XML11Configuration.java:825)
	at java.xml/com.sun.org.apache.xerces.internal.parsers.XMLParser.parse(XMLParser.java:141)
	at java.xml/com.sun.org.apache.xerces.internal.parsers.AbstractSAXParser.parse(AbstractSAXParser.java:1224)
	at org.apache.xalan.transformer.TransformerIdentityImpl.transform(TransformerIdentityImpl.java:519)
	at org.metanorma.fop.PDFGenerator.runFOP(PDFGenerator.java:681)
	at org.metanorma.fop.PDFGenerator.convertmn2pdf(PDFGenerator.java:507)
	at org.metanorma.fop.PDFGenerator.process(PDFGenerator.java:336)
	at org.metanorma.fop.mn2pdf.main(mn2pdf.java:349)

Bookmarks: Unresolved ID reference "_007f0895-6055-0586-9ec2-6c44b1ed796c" found.
Bookmarks: Unresolved ID reference "_6c4825b5-5b33-43be-8438-e76319911fee" found.
Bookmarks: Unresolved ID reference "_3d15275c-919c-d1ba-27ea-114eebd6f241" found.
Bookmarks: Unresolved ID reference "_2e1e93d4-a76e-4318-c6c8-bc1034df4ab7" found.
Bookmarks: Unresolved ID reference "_ba73eec6-8dc2-cb09-926b-80707f39c68b" found.
Page v: Unresolved ID reference "_6c4825b5-5b33-43be-8438-e76319911fee" found.
Page v: Unresolved ID reference "_3d15275c-919c-d1ba-27ea-114eebd6f241" found.
Page v: Unresolved ID reference "_2e1e93d4-a76e-4318-c6c8-bc1034df4ab7" found.
Page v: Unresolved ID reference "_007f0895-6055-0586-9ec2-6c44b1ed796c" found.
Page v: Unresolved ID reference "_ba73eec6-8dc2-cb09-926b-80707f39c68b" found.
Page 27: Unresolved ID reference "Class__geosrs" found.
Page 28: Unresolved ID reference "Class__geosrs" found.
Page 34: Unresolved ID reference "Class__geosrs" found.
Page 38: Unresolved ID reference "Class__geosrs" found.
Page 39: Unresolved ID reference "Class__geosrs" found.
Page 48: Unresolved ID reference "Class__geosrs" found.
Page 50: Unresolved ID reference "Class__geosrs" found.
Page 54: Unresolved ID reference "Class__geosrs" found.
Page 156: Unresolved ID reference "Class__geosrs" found.
Page 220: Unresolved ID reference "SPARQLSERVDESC" found.
Page 222: Unresolved ID reference "Class__geosrs" found.
Page 223: Unresolved ID reference "Class__geosrs" found.
Page 224: Unresolved ID reference "Class__geosrs" found.
Page 225: Unresolved ID reference "Class__geosrs" found.
Page 226: Unresolved ID reference "Class__geosrs" found.
Page 227: Unresolved ID reference "Class__geosrs" found.
Page 228: Unresolved ID reference "Class__geosrs" found.
Page 229: Unresolved ID reference "Class__geosrs" found.
Page 230: Unresolved ID reference "Class__geosrs" found.
Page 237: Unresolved ID reference "Class__geosrs" found.
Page 238: Unresolved ID reference "Class__geosrs" found.
Page 246: Unresolved ID reference "Class__geosrs" found.
Page 247: Unresolved ID reference "Class__geosrs" found.
Page 248: Unresolved ID reference "Class__geosrs" found.
7 link targets could not be fully resolved and now points to the top of the page or are dysfunctional.
